2025-03-14 07:01:58.983 | INFO     | __main__:main:41 - STARTING logger.py
2025-03-14 07:01:58.986 | INFO     | __main__:log_example:34 - This is an example info message.
2025-03-14 07:01:58.987 | WARNING  | __main__:log_example:35 - This is an example warning message.
2025-03-14 07:01:58.987 | ERROR    | __main__:log_example:36 - This is an example error message.
2025-03-14 07:01:58.988 | INFO     | __main__:main:46 - View the log output at C:\Projects\smart-store-beaderstadt\logs\project_log.log
2025-03-14 07:01:58.988 | INFO     | __main__:main:47 - EXITING logger.py.
2025-03-18 20:33:22.946 | INFO     | __main__:main:41 - Starting data preparation...
2025-03-18 20:33:22.946 | INFO     | __main__:read_raw_data:26 - Reading raw data from C:\Projects\smart-store-beaderstadt\data\raw\customers_data.csv.
2025-03-18 20:33:23.008 | INFO     | __main__:read_raw_data:26 - Reading raw data from C:\Projects\smart-store-beaderstadt\data\raw\products_data.csv.
2025-03-18 20:33:23.023 | INFO     | __main__:read_raw_data:26 - Reading raw data from C:\Projects\smart-store-beaderstadt\data\raw\sales_data.csv.
2025-03-18 20:33:23.048 | INFO     | __main__:main:45 - Data preparation complete.
2025-03-24 10:13:00.145 | INFO     | __main__:main:59 - ======================
2025-03-24 10:13:00.146 | INFO     | __main__:main:60 - STARTING data_prep.py
2025-03-24 10:13:00.147 | INFO     | __main__:main:61 - ======================
2025-03-24 10:13:00.148 | INFO     | __main__:main:63 - ========================
2025-03-24 10:13:00.148 | INFO     | __main__:main:64 - Starting CUSTOMERS prep
2025-03-24 10:13:00.149 | INFO     | __main__:main:65 - ========================
2025-03-24 10:13:00.364 | INFO     | __main__:save_prepared_data:55 - Data saved to C:\Projects\smart-store-beaderstadt\data\prepared\customers_data_prepared.csv
2025-03-24 10:13:00.365 | INFO     | __main__:main:85 - ========================
2025-03-24 10:13:00.365 | INFO     | __main__:main:86 - Starting PRODUCTS prep
2025-03-24 10:13:00.366 | INFO     | __main__:main:87 - ========================
2025-03-24 10:13:00.423 | INFO     | __main__:save_prepared_data:55 - Data saved to C:\Projects\smart-store-beaderstadt\data\prepared\products_data_prepared.csv
2025-03-24 10:13:00.423 | INFO     | __main__:main:103 - ========================
2025-03-24 10:13:00.423 | INFO     | __main__:main:104 - Starting SALES prep
2025-03-24 10:13:00.424 | INFO     | __main__:main:105 - ========================
2025-03-24 10:13:00.490 | INFO     | __main__:save_prepared_data:55 - Data saved to C:\Projects\smart-store-beaderstadt\data\prepared\sales_data_prepared.csv
2025-03-24 10:13:00.490 | INFO     | __main__:main:124 - ======================
2025-03-24 10:13:00.491 | INFO     | __main__:main:125 - FINISHED data_prep.py
2025-03-24 10:13:00.491 | INFO     | __main__:main:126 - ======================
2025-03-24 11:33:02.973 | INFO     | __main__:main:33 - ========================
2025-03-24 11:33:02.973 | INFO     | __main__:main:34 - Starting CUSTOMERS prep
2025-03-24 11:33:02.974 | INFO     | __main__:main:35 - ========================
2025-03-24 11:37:37.660 | INFO     | __main__:main:33 - ========================
2025-03-24 11:37:37.660 | INFO     | __main__:main:34 - Starting CUSTOMERS prep
2025-03-24 11:37:37.661 | INFO     | __main__:main:35 - ========================
2025-03-24 11:39:39.957 | INFO     | __main__:main:34 - ========================
2025-03-24 11:39:39.958 | INFO     | __main__:main:35 - Starting CUSTOMERS prep
2025-03-24 11:39:39.958 | INFO     | __main__:main:36 - ========================
2025-03-24 11:42:01.784 | INFO     | __main__:main:36 - ========================
2025-03-24 11:42:01.785 | INFO     | __main__:main:37 - Starting CUSTOMERS prep
2025-03-24 11:42:01.785 | INFO     | __main__:main:38 - ========================
2025-03-24 11:44:21.498 | INFO     | __main__:main:36 - ========================
2025-03-24 11:44:21.499 | INFO     | __main__:main:37 - Starting CUSTOMERS prep
2025-03-24 11:44:21.499 | INFO     | __main__:main:38 - ========================
2025-03-24 11:47:13.177 | INFO     | __main__:main:36 - ========================
2025-03-24 11:47:13.178 | INFO     | __main__:main:37 - Starting CUSTOMERS prep
2025-03-24 11:47:13.178 | INFO     | __main__:main:38 - ========================
2025-03-25 20:18:26.974 | INFO     | __main__:main:59 - ======================
2025-03-25 20:18:26.975 | INFO     | __main__:main:60 - STARTING data_prep.py
2025-03-25 20:18:26.976 | INFO     | __main__:main:61 - ======================
2025-03-25 20:18:26.976 | INFO     | __main__:main:63 - ========================
2025-03-25 20:18:26.977 | INFO     | __main__:main:64 - Starting CUSTOMERS prep
2025-03-25 20:18:26.977 | INFO     | __main__:main:65 - ========================
2025-03-25 20:18:27.060 | INFO     | __main__:save_prepared_data:55 - Data saved to C:\Projects\smart-store-beaderstadt\data\prepared\customers_data_prepared.csv
2025-03-25 20:18:27.060 | INFO     | __main__:main:85 - ========================
2025-03-25 20:18:27.060 | INFO     | __main__:main:86 - Starting PRODUCTS prep
2025-03-25 20:18:27.060 | INFO     | __main__:main:87 - ========================
2025-03-25 20:18:27.093 | INFO     | __main__:save_prepared_data:55 - Data saved to C:\Projects\smart-store-beaderstadt\data\prepared\products_data_prepared.csv
2025-03-25 20:18:27.093 | INFO     | __main__:main:103 - ========================
2025-03-25 20:18:27.093 | INFO     | __main__:main:104 - Starting SALES prep
2025-03-25 20:18:27.094 | INFO     | __main__:main:105 - ========================
2025-03-25 20:18:27.137 | INFO     | __main__:save_prepared_data:55 - Data saved to C:\Projects\smart-store-beaderstadt\data\prepared\sales_data_prepared.csv
2025-03-25 20:18:27.139 | INFO     | __main__:main:124 - ======================
2025-03-25 20:18:27.139 | INFO     | __main__:main:125 - FINISHED data_prep.py
2025-03-25 20:18:27.139 | INFO     | __main__:main:126 - ======================
